# JRE version: OpenJDK Runtime Environment (14.0.2+12) (build 14.0.2+12-46)
# Java VM: OpenJDK 64-Bit Server VM (14.0.2+12-46, mixed mode, tiered, compressed oops, g1 gc, windows-amd64)
Heap:
 garbage-first heap   total 66560K, used 21094K [0x0000000081800000, 0x0000000100000000)
  region size 1024K, 2 young (2048K), 2 survivors (2048K)
 Metaspace       used 54214K, capacity 55528K, committed 55760K, reserved 1097728K
  class space    used 7260K, capacity 7791K, committed 7808K, reserved 1048576K
GC Heap History (20 events):
Event: 8.193 GC heap before
{Heap before GC invocations=12 (full 0):
 garbage-first heap   total 46080K, used 36385K [0x0000000081800000, 0x0000000100000000)
  region size 1024K, 27 young (27648K), 3 survivors (3072K)
 Metaspace       used 29879K, capacity 30923K, committed 31152K, reserved 1077248K
  class space    used 3690K, capacity 4081K, committed 4096K, reserved 1048576K
}
Event: 8.208 GC heap after
{Heap after GC invocations=13 (full 0):
 garbage-first heap   total 46080K, used 12198K [0x0000000081800000, 0x0000000100000000)
  region size 1024K, 3 young (3072K), 3 survivors (3072K)
 Metaspace       used 29879K, capacity 30923K, committed 31152K, reserved 1077248K
  class space    used 3690K, capacity 4081K, committed 4096K, reserved 1048576K
}
Event: 9.123 GC heap before
{Heap before GC invocations=13 (full 0):
 garbage-first heap   total 46080K, used 35750K [0x0000000081800000, 0x0000000100000000)
  region size 1024K, 26 young (26624K), 3 survivors (3072K)
 Metaspace       used 31827K, capacity 32786K, committed 32944K, reserved 1077248K
  class space    used 3986K, capacity 4338K, committed 4352K, reserved 1048576K
}
Event: 9.138 GC heap after
{Heap after GC invocations=14 (full 0):
 garbage-first heap   total 55296K, used 13151K [0x0000000081800000, 0x0000000100000000)
  region size 1024K, 3 young (3072K), 3 survivors (3072K)
 Metaspace       used 31827K, capacity 32786K, committed 32944K, reserved 1077248K
  class space    used 3986K, capacity 4338K, committed 4352K, reserved 1048576K
}
Event: 10.285 GC heap before
{Heap before GC invocations=14 (full 0):
 garbage-first heap   total 55296K, used 39775K [0x0000000081800000, 0x0000000100000000)
  region size 1024K, 30 young (30720K), 3 survivors (3072K)
 Metaspace       used 34691K, capacity 35858K, committed 35920K, reserved 1081344K
  class space    used 4403K, capacity 4843K, committed 4864K, reserved 1048576K
}
Event: 10.307 GC heap after
{Heap after GC invocations=15 (full 0):
 garbage-first heap   total 55296K, used 15283K [0x0000000081800000, 0x0000000100000000)
  region size 1024K, 4 young (4096K), 4 survivors (4096K)
 Metaspace       used 34691K, capacity 35858K, committed 35920K, reserved 1081344K
  class space    used 4403K, capacity 4843K, committed 4864K, reserved 1048576K
}
Event: 10.543 GC heap before
{Heap before GC invocations=16 (full 0):
 garbage-first heap   total 55296K, used 42931K [0x0000000081800000, 0x0000000100000000)
  region size 1024K, 32 young (32768K), 4 survivors (4096K)
 Metaspace       used 35039K, capacity 36251K, committed 36560K, reserved 1081344K
  class space    used 4449K, capacity 4910K, committed 4992K, reserved 1048576K
}
Event: 10.559 GC heap after
{Heap after GC invocations=17 (full 0):
 garbage-first heap   total 55296K, used 15464K [0x0000000081800000, 0x0000000100000000)
  region size 1024K, 3 young (3072K), 3 survivors (3072K)
 Metaspace       used 35039K, capacity 36251K, committed 36560K, reserved 1081344K
  class space    used 4449K, capacity 4910K, committed 4992K, reserved 1048576K
}
Event: 10.763 GC heap before
{Heap before GC invocations=17 (full 0):
 garbage-first heap   total 55296K, used 42088K [0x0000000081800000, 0x0000000100000000)
  region size 1024K, 30 young (30720K), 3 survivors (3072K)
 Metaspace       used 35508K, capacity 36691K, committed 36816K, reserved 1081344K
  class space    used 4492K, capacity 4950K, committed 4992K, reserved 1048576K
}
Event: 10.773 GC heap after
{Heap after GC invocations=18 (full 0):
 garbage-first heap   total 55296K, used 15562K [0x0000000081800000, 0x0000000100000000)
  region size 1024K, 1 young (1024K), 1 survivors (1024K)
 Metaspace       used 35508K, capacity 36691K, committed 36816K, reserved 1081344K
  class space    used 4492K, capacity 4950K, committed 4992K, reserved 1048576K
}
Event: 10.795 GC heap before
{Heap before GC invocations=18 (full 0):
 garbage-first heap   total 55296K, used 43210K [0x0000000081800000, 0x0000000100000000)
  region size 1024K, 29 young (29696K), 1 survivors (1024K)
 Metaspace       used 35508K, capacity 36691K, committed 36816K, reserved 1081344K
  class space    used 4492K, capacity 4950K, committed 4992K, reserved 1048576K
}
Event: 10.799 GC heap after
{Heap after GC invocations=19 (full 0):
 garbage-first heap   total 66560K, used 15599K [0x0000000081800000, 0x0000000100000000)
  region size 1024K, 1 young (1024K), 1 survivors (1024K)
 Metaspace       used 35508K, capacity 36691K, committed 36816K, reserved 1081344K
  class space    used 4492K, capacity 4950K, committed 4992K, reserved 1048576K
}
Event: 12.322 GC heap before
{Heap before GC invocations=19 (full 0):
 garbage-first heap   total 66560K, used 54511K [0x0000000081800000, 0x0000000100000000)
  region size 1024K, 39 young (39936K), 1 survivors (1024K)
 Metaspace       used 39928K, capacity 41147K, committed 41296K, reserved 1085440K
  class space    used 5155K, capacity 5603K, committed 5632K, reserved 1048576K
}
Event: 12.331 GC heap after
{Heap after GC invocations=20 (full 0):
 garbage-first heap   total 66560K, used 16611K [0x0000000081800000, 0x0000000100000000)
  region size 1024K, 2 young (2048K), 2 survivors (2048K)
 Metaspace       used 39928K, capacity 41147K, committed 41296K, reserved 1085440K
  class space    used 5155K, capacity 5603K, committed 5632K, reserved 1048576K
}
Event: 14.025 GC heap before
{Heap before GC invocations=20 (full 0):
 garbage-first heap   total 66560K, used 54499K [0x0000000081800000, 0x0000000100000000)
  region size 1024K, 39 young (39936K), 2 survivors (2048K)
 Metaspace       used 46916K, capacity 48253K, committed 48464K, reserved 1091584K
  class space    used 6133K, capacity 6605K, committed 6656K, reserved 1048576K
}
Event: 14.056 GC heap after
{Heap after GC invocations=21 (full 0):
 garbage-first heap   total 66560K, used 19538K [0x0000000081800000, 0x0000000100000000)
  region size 1024K, 5 young (5120K), 5 survivors (5120K)
 Metaspace       used 46916K, capacity 48253K, committed 48464K, reserved 1091584K
  class space    used 6133K, capacity 6605K, committed 6656K, reserved 1048576K
}
Event: 15.677 GC heap before
{Heap before GC invocations=21 (full 0):
 garbage-first heap   total 66560K, used 52306K [0x0000000081800000, 0x0000000100000000)
  region size 1024K, 37 young (37888K), 5 survivors (5120K)
 Metaspace       used 53015K, capacity 54377K, committed 54608K, reserved 1095680K
  class space    used 7073K, capacity 7622K, committed 7680K, reserved 1048576K
}
Event: 15.696 GC heap after
{Heap after GC invocations=22 (full 0):
 garbage-first heap   total 66560K, used 20797K [0x0000000081800000, 0x0000000100000000)
  region size 1024K, 2 young (2048K), 2 survivors (2048K)
 Metaspace       used 53015K, capacity 54377K, committed 54608K, reserved 1095680K
  class space    used 7073K, capacity 7622K, committed 7680K, reserved 1048576K
}
Event: 16.738 GC heap before
{Heap before GC invocations=22 (full 0):
 garbage-first heap   total 66560K, used 28989K [0x0000000081800000, 0x0000000100000000)
  region size 1024K, 11 young (11264K), 2 survivors (2048K)
 Metaspace       used 54214K, capacity 55528K, committed 55760K, reserved 1097728K
  class space    used 7260K, capacity 7791K, committed 7808K, reserved 1048576K
}
Event: 16.747 GC heap after
{Heap after GC invocations=23 (full 0):
 garbage-first heap   total 66560K, used 21094K [0x0000000081800000, 0x0000000100000000)
  region size 1024K, 2 young (2048K), 2 survivors (2048K)
 Metaspace       used 54214K, capacity 55528K, committed 55760K, reserved 1097728K
  class space    used 7260K, capacity 7791K, committed 7808K, reserved 1048576K
}

